(x00 XOR y00)
(carry_0 XOR (x01 XOR y01))
(carry_1 XOR (x02 XOR y02))
(carry_2 XOR (x03 XOR y03))
(carry_3 XOR (x04 XOR y04))
(carry_4 XOR (x05 XOR y05))
(carry_5 XOR (x06 XOR y06))
(carry_6 XOR (x07 XOR y07))
(carry_7 XOR (x08 XOR y08))
(carry_8 XOR (x09 XOR y09))
(carry_9 XOR (x10 XOR y10))
(carry_10 XOR (x11 XOR y11))
(carry_11 XOR (x12 XOR y12))
(carry_12 XOR (x13 XOR y13))
(carry_13 XOR (x14 XOR y14))
(x15 AND y15)
(((((carry_13 AND (x14 XOR y14)) OR (x14 AND y14)) AND (x15 XOR y15)) OR (((carry_13 AND (x14 XOR y14)) OR (x14 AND y14)) XOR (x15 XOR y15))) XOR (x16 XOR y16))
(((((((carry_13 AND (x14 XOR y14)) OR (x14 AND y14)) AND (x15 XOR y15)) OR (((carry_13 AND (x14 XOR y14)) OR (x14 AND y14)) XOR (x15 XOR y15))) AND (x16 XOR y16)) OR (x16 AND y16)) XOR (x17 XOR y17))
(((((((((carry_13 AND (x14 XOR y14)) OR (x14 AND y14)) AND (x15 XOR y15)) OR (((carry_13 AND (x14 XOR y14)) OR (x14 AND y14)) XOR (x15 XOR y15))) AND (x16 XOR y16)) OR (x16 AND y16)) AND (x17 XOR y17)) OR (x17 AND y17)) XOR (x18 XOR y18))
(((((((((((carry_13 AND (x14 XOR y14)) OR (x14 AND y14)) AND (x15 XOR y15)) OR (((carry_13 AND (x14 XOR y14)) OR (x14 AND y14)) XOR (x15 XOR y15))) AND (x16 XOR y16)) OR (x16 AND y16)) AND (x17 XOR y17)) OR (x17 AND y17)) AND (x18 XOR y18)) OR (x18 AND y18)) XOR (x19 XOR y19))
(((((((((((((carry_13 AND (x14 XOR y14)) OR (x14 AND y14)) AND (x15 XOR y15)) OR (((carry_13 AND (x14 XOR y14)) OR (x14 AND y14)) XOR (x15 XOR y15))) AND (x16 XOR y16)) OR (x16 AND y16)) AND (x17 XOR y17)) OR (x17 AND y17)) AND (x18 XOR y18)) OR (x18 AND y18)) AND (x19 XOR y19)) OR (x19 AND y19)) XOR (x20 XOR y20))
(((((((((((((((carry_13 AND (x14 XOR y14)) OR (x14 AND y14)) AND (x15 XOR y15)) OR (((carry_13 AND (x14 XOR y14)) OR (x14 AND y14)) XOR (x15 XOR y15))) AND (x16 XOR y16)) OR (x16 AND y16)) AND (x17 XOR y17)) OR (x17 AND y17)) AND (x18 XOR y18)) OR (x18 AND y18)) AND (x19 XOR y19)) OR (x19 AND y19)) AND (x20 XOR y20)) OR (x20 AND y20)) XOR (x21 XOR y21))
(((((((((((((((((carry_13 AND (x14 XOR y14)) OR (x14 AND y14)) AND (x15 XOR y15)) OR (((carry_13 AND (x14 XOR y14)) OR (x14 AND y14)) XOR (x15 XOR y15))) AND (x16 XOR y16)) OR (x16 AND y16)) AND (x17 XOR y17)) OR (x17 AND y17)) AND (x18 XOR y18)) OR (x18 AND y18)) AND (x19 XOR y19)) OR (x19 AND y19)) AND (x20 XOR y20)) OR (x20 AND y20)) AND (x21 XOR y21)) OR (x21 AND y21)) XOR (x22 XOR y22))
((((((((((((((((((((carry_13 AND (x14 XOR y14)) OR (x14 AND y14)) AND (x15 XOR y15)) OR (((carry_13 AND (x14 XOR y14)) OR (x14 AND y14)) XOR (x15 XOR y15))) AND (x16 XOR y16)) OR (x16 AND y16)) AND (x17 XOR y17)) OR (x17 AND y17)) AND (x18 XOR y18)) OR (x18 AND y18)) AND (x19 XOR y19)) OR (x19 AND y19)) AND (x20 XOR y20)) OR (x20 AND y20)) AND (x21 XOR y21)) OR (x21 AND y21)) AND (x22 XOR y22)) OR (x22 AND y22)) AND (x23 XOR y23)) OR (x23 AND y23))
((((((((((((((((((((carry_13 AND (x14 XOR y14)) OR (x14 AND y14)) AND (x15 XOR y15)) OR (((carry_13 AND (x14 XOR y14)) OR (x14 AND y14)) XOR (x15 XOR y15))) AND (x16 XOR y16)) OR (x16 AND y16)) AND (x17 XOR y17)) OR (x17 AND y17)) AND (x18 XOR y18)) OR (x18 AND y18)) AND (x19 XOR y19)) OR (x19 AND y19)) AND (x20 XOR y20)) OR (x20 AND y20)) AND (x21 XOR y21)) OR (x21 AND y21)) AND (x22 XOR y22)) OR (x22 AND y22)) XOR (x23 XOR y23)) XOR (x24 XOR y24))
((((((((((((((((((((((carry_13 AND (x14 XOR y14)) OR (x14 AND y14)) AND (x15 XOR y15)) OR (((carry_13 AND (x14 XOR y14)) OR (x14 AND y14)) XOR (x15 XOR y15))) AND (x16 XOR y16)) OR (x16 AND y16)) AND (x17 XOR y17)) OR (x17 AND y17)) AND (x18 XOR y18)) OR (x18 AND y18)) AND (x19 XOR y19)) OR (x19 AND y19)) AND (x20 XOR y20)) OR (x20 AND y20)) AND (x21 XOR y21)) OR (x21 AND y21)) AND (x22 XOR y22)) OR (x22 AND y22)) XOR (x23 XOR y23)) AND (x24 XOR y24)) OR (x24 AND y24)) XOR (x25 XOR y25))
((((((((((((((((((((((((carry_13 AND (x14 XOR y14)) OR (x14 AND y14)) AND (x15 XOR y15)) OR (((carry_13 AND (x14 XOR y14)) OR (x14 AND y14)) XOR (x15 XOR y15))) AND (x16 XOR y16)) OR (x16 AND y16)) AND (x17 XOR y17)) OR (x17 AND y17)) AND (x18 XOR y18)) OR (x18 AND y18)) AND (x19 XOR y19)) OR (x19 AND y19)) AND (x20 XOR y20)) OR (x20 AND y20)) AND (x21 XOR y21)) OR (x21 AND y21)) AND (x22 XOR y22)) OR (x22 AND y22)) XOR (x23 XOR y23)) AND (x24 XOR y24)) OR (x24 AND y24)) AND (x25 XOR y25)) OR (x25 AND y25)) XOR (x26 XOR y26))
((((((((((((((((((((((((((carry_13 AND (x14 XOR y14)) OR (x14 AND y14)) AND (x15 XOR y15)) OR (((carry_13 AND (x14 XOR y14)) OR (x14 AND y14)) XOR (x15 XOR y15))) AND (x16 XOR y16)) OR (x16 AND y16)) AND (x17 XOR y17)) OR (x17 AND y17)) AND (x18 XOR y18)) OR (x18 AND y18)) AND (x19 XOR y19)) OR (x19 AND y19)) AND (x20 XOR y20)) OR (x20 AND y20)) AND (x21 XOR y21)) OR (x21 AND y21)) AND (x22 XOR y22)) OR (x22 AND y22)) XOR (x23 XOR y23)) AND (x24 XOR y24)) OR (x24 AND y24)) AND (x25 XOR y25)) OR (x25 AND y25)) AND (x26 XOR y26)) OR (x26 AND y26)) XOR (x27 XOR y27))
((((((((((((((((((((((((((((carry_13 AND (x14 XOR y14)) OR (x14 AND y14)) AND (x15 XOR y15)) OR (((carry_13 AND (x14 XOR y14)) OR (x14 AND y14)) XOR (x15 XOR y15))) AND (x16 XOR y16)) OR (x16 AND y16)) AND (x17 XOR y17)) OR (x17 AND y17)) AND (x18 XOR y18)) OR (x18 AND y18)) AND (x19 XOR y19)) OR (x19 AND y19)) AND (x20 XOR y20)) OR (x20 AND y20)) AND (x21 XOR y21)) OR (x21 AND y21)) AND (x22 XOR y22)) OR (x22 AND y22)) XOR (x23 XOR y23)) AND (x24 XOR y24)) OR (x24 AND y24)) AND (x25 XOR y25)) OR (x25 AND y25)) AND (x26 XOR y26)) OR (x26 AND y26)) AND (x27 XOR y27)) OR (x27 AND y27)) XOR (x28 XOR y28))
((((((((((((((((((((((((((((((carry_13 AND (x14 XOR y14)) OR (x14 AND y14)) AND (x15 XOR y15)) OR (((carry_13 AND (x14 XOR y14)) OR (x14 AND y14)) XOR (x15 XOR y15))) AND (x16 XOR y16)) OR (x16 AND y16)) AND (x17 XOR y17)) OR (x17 AND y17)) AND (x18 XOR y18)) OR (x18 AND y18)) AND (x19 XOR y19)) OR (x19 AND y19)) AND (x20 XOR y20)) OR (x20 AND y20)) AND (x21 XOR y21)) OR (x21 AND y21)) AND (x22 XOR y22)) OR (x22 AND y22)) XOR (x23 XOR y23)) AND (x24 XOR y24)) OR (x24 AND y24)) AND (x25 XOR y25)) OR (x25 AND y25)) AND (x26 XOR y26)) OR (x26 AND y26)) AND (x27 XOR y27)) OR (x27 AND y27)) AND (x28 XOR y28)) OR (x28 AND y28)) XOR (x29 XOR y29))
((((((((((((((((((((((((((((((((carry_13 AND (x14 XOR y14)) OR (x14 AND y14)) AND (x15 XOR y15)) OR (((carry_13 AND (x14 XOR y14)) OR (x14 AND y14)) XOR (x15 XOR y15))) AND (x16 XOR y16)) OR (x16 AND y16)) AND (x17 XOR y17)) OR (x17 AND y17)) AND (x18 XOR y18)) OR (x18 AND y18)) AND (x19 XOR y19)) OR (x19 AND y19)) AND (x20 XOR y20)) OR (x20 AND y20)) AND (x21 XOR y21)) OR (x21 AND y21)) AND (x22 XOR y22)) OR (x22 AND y22)) XOR (x23 XOR y23)) AND (x24 XOR y24)) OR (x24 AND y24)) AND (x25 XOR y25)) OR (x25 AND y25)) AND (x26 XOR y26)) OR (x26 AND y26)) AND (x27 XOR y27)) OR (x27 AND y27)) AND (x28 XOR y28)) OR (x28 AND y28)) AND (x29 XOR y29)) OR (x29 AND y29)) XOR (x30 XOR y30))
((((((((((((((((((((((((((((((((((carry_13 AND (x14 XOR y14)) OR (x14 AND y14)) AND (x15 XOR y15)) OR (((carry_13 AND (x14 XOR y14)) OR (x14 AND y14)) XOR (x15 XOR y15))) AND (x16 XOR y16)) OR (x16 AND y16)) AND (x17 XOR y17)) OR (x17 AND y17)) AND (x18 XOR y18)) OR (x18 AND y18)) AND (x19 XOR y19)) OR (x19 AND y19)) AND (x20 XOR y20)) OR (x20 AND y20)) AND (x21 XOR y21)) OR (x21 AND y21)) AND (x22 XOR y22)) OR (x22 AND y22)) XOR (x23 XOR y23)) AND (x24 XOR y24)) OR (x24 AND y24)) AND (x25 XOR y25)) OR (x25 AND y25)) AND (x26 XOR y26)) OR (x26 AND y26)) AND (x27 XOR y27)) OR (x27 AND y27)) AND (x28 XOR y28)) OR (x28 AND y28)) AND (x29 XOR y29)) OR (x29 AND y29)) AND (x30 XOR y30)) OR (x30 AND y30)) XOR (x31 XOR y31))
((((((((((((((((((((((((((((((((((((carry_13 AND (x14 XOR y14)) OR (x14 AND y14)) AND (x15 XOR y15)) OR (((carry_13 AND (x14 XOR y14)) OR (x14 AND y14)) XOR (x15 XOR y15))) AND (x16 XOR y16)) OR (x16 AND y16)) AND (x17 XOR y17)) OR (x17 AND y17)) AND (x18 XOR y18)) OR (x18 AND y18)) AND (x19 XOR y19)) OR (x19 AND y19)) AND (x20 XOR y20)) OR (x20 AND y20)) AND (x21 XOR y21)) OR (x21 AND y21)) AND (x22 XOR y22)) OR (x22 AND y22)) XOR (x23 XOR y23)) AND (x24 XOR y24)) OR (x24 AND y24)) AND (x25 XOR y25)) OR (x25 AND y25)) AND (x26 XOR y26)) OR (x26 AND y26)) AND (x27 XOR y27)) OR (x27 AND y27)) AND (x28 XOR y28)) OR (x28 AND y28)) AND (x29 XOR y29)) OR (x29 AND y29)) AND (x30 XOR y30)) OR (x30 AND y30)) AND (x31 XOR y31)) OR (x31 AND y31)) XOR (x32 XOR y32))
((((((((((((((((((((((((((((((((((((((carry_13 AND (x14 XOR y14)) OR (x14 AND y14)) AND (x15 XOR y15)) OR (((carry_13 AND (x14 XOR y14)) OR (x14 AND y14)) XOR (x15 XOR y15))) AND (x16 XOR y16)) OR (x16 AND y16)) AND (x17 XOR y17)) OR (x17 AND y17)) AND (x18 XOR y18)) OR (x18 AND y18)) AND (x19 XOR y19)) OR (x19 AND y19)) AND (x20 XOR y20)) OR (x20 AND y20)) AND (x21 XOR y21)) OR (x21 AND y21)) AND (x22 XOR y22)) OR (x22 AND y22)) XOR (x23 XOR y23)) AND (x24 XOR y24)) OR (x24 AND y24)) AND (x25 XOR y25)) OR (x25 AND y25)) AND (x26 XOR y26)) OR (x26 AND y26)) AND (x27 XOR y27)) OR (x27 AND y27)) AND (x28 XOR y28)) OR (x28 AND y28)) AND (x29 XOR y29)) OR (x29 AND y29)) AND (x30 XOR y30)) OR (x30 AND y30)) AND (x31 XOR y31)) OR (x31 AND y31)) AND (x32 XOR y32)) OR (x32 AND y32)) XOR (x33 XOR y33))
((((((((((((((((((((((((((((((((((((((((carry_13 AND (x14 XOR y14)) OR (x14 AND y14)) AND (x15 XOR y15)) OR (((carry_13 AND (x14 XOR y14)) OR (x14 AND y14)) XOR (x15 XOR y15))) AND (x16 XOR y16)) OR (x16 AND y16)) AND (x17 XOR y17)) OR (x17 AND y17)) AND (x18 XOR y18)) OR (x18 AND y18)) AND (x19 XOR y19)) OR (x19 AND y19)) AND (x20 XOR y20)) OR (x20 AND y20)) AND (x21 XOR y21)) OR (x21 AND y21)) AND (x22 XOR y22)) OR (x22 AND y22)) XOR (x23 XOR y23)) AND (x24 XOR y24)) OR (x24 AND y24)) AND (x25 XOR y25)) OR (x25 AND y25)) AND (x26 XOR y26)) OR (x26 AND y26)) AND (x27 XOR y27)) OR (x27 AND y27)) AND (x28 XOR y28)) OR (x28 AND y28)) AND (x29 XOR y29)) OR (x29 AND y29)) AND (x30 XOR y30)) OR (x30 AND y30)) AND (x31 XOR y31)) OR (x31 AND y31)) AND (x32 XOR y32)) OR (x32 AND y32)) AND (x33 XOR y33)) OR (x33 AND y33)) XOR (x34 XOR y34))
((((((((((((((((((((((((((((((((((((((((((carry_13 AND (x14 XOR y14)) OR (x14 AND y14)) AND (x15 XOR y15)) OR (((carry_13 AND (x14 XOR y14)) OR (x14 AND y14)) XOR (x15 XOR y15))) AND (x16 XOR y16)) OR (x16 AND y16)) AND (x17 XOR y17)) OR (x17 AND y17)) AND (x18 XOR y18)) OR (x18 AND y18)) AND (x19 XOR y19)) OR (x19 AND y19)) AND (x20 XOR y20)) OR (x20 AND y20)) AND (x21 XOR y21)) OR (x21 AND y21)) AND (x22 XOR y22)) OR (x22 AND y22)) XOR (x23 XOR y23)) AND (x24 XOR y24)) OR (x24 AND y24)) AND (x25 XOR y25)) OR (x25 AND y25)) AND (x26 XOR y26)) OR (x26 AND y26)) AND (x27 XOR y27)) OR (x27 AND y27)) AND (x28 XOR y28)) OR (x28 AND y28)) AND (x29 XOR y29)) OR (x29 AND y29)) AND (x30 XOR y30)) OR (x30 AND y30)) AND (x31 XOR y31)) OR (x31 AND y31)) AND (x32 XOR y32)) OR (x32 AND y32)) AND (x33 XOR y33)) OR (x33 AND y33)) AND (x34 XOR y34)) OR (x34 AND y34)) XOR (x35 XOR y35))
((((((((((((((((((((((((((((((((((((((((((((carry_13 AND (x14 XOR y14)) OR (x14 AND y14)) AND (x15 XOR y15)) OR (((carry_13 AND (x14 XOR y14)) OR (x14 AND y14)) XOR (x15 XOR y15))) AND (x16 XOR y16)) OR (x16 AND y16)) AND (x17 XOR y17)) OR (x17 AND y17)) AND (x18 XOR y18)) OR (x18 AND y18)) AND (x19 XOR y19)) OR (x19 AND y19)) AND (x20 XOR y20)) OR (x20 AND y20)) AND (x21 XOR y21)) OR (x21 AND y21)) AND (x22 XOR y22)) OR (x22 AND y22)) XOR (x23 XOR y23)) AND (x24 XOR y24)) OR (x24 AND y24)) AND (x25 XOR y25)) OR (x25 AND y25)) AND (x26 XOR y26)) OR (x26 AND y26)) AND (x27 XOR y27)) OR (x27 AND y27)) AND (x28 XOR y28)) OR (x28 AND y28)) AND (x29 XOR y29)) OR (x29 AND y29)) AND (x30 XOR y30)) OR (x30 AND y30)) AND (x31 XOR y31)) OR (x31 AND y31)) AND (x32 XOR y32)) OR (x32 AND y32)) AND (x33 XOR y33)) OR (x33 AND y33)) AND (x34 XOR y34)) OR (x34 AND y34)) AND (x35 XOR y35)) OR (x35 AND y35)) XOR (x36 XOR y36))
((((((((((((((((((((((((((((((((((((((((((((((carry_13 AND (x14 XOR y14)) OR (x14 AND y14)) AND (x15 XOR y15)) OR (((carry_13 AND (x14 XOR y14)) OR (x14 AND y14)) XOR (x15 XOR y15))) AND (x16 XOR y16)) OR (x16 AND y16)) AND (x17 XOR y17)) OR (x17 AND y17)) AND (x18 XOR y18)) OR (x18 AND y18)) AND (x19 XOR y19)) OR (x19 AND y19)) AND (x20 XOR y20)) OR (x20 AND y20)) AND (x21 XOR y21)) OR (x21 AND y21)) AND (x22 XOR y22)) OR (x22 AND y22)) XOR (x23 XOR y23)) AND (x24 XOR y24)) OR (x24 AND y24)) AND (x25 XOR y25)) OR (x25 AND y25)) AND (x26 XOR y26)) OR (x26 AND y26)) AND (x27 XOR y27)) OR (x27 AND y27)) AND (x28 XOR y28)) OR (x28 AND y28)) AND (x29 XOR y29)) OR (x29 AND y29)) AND (x30 XOR y30)) OR (x30 AND y30)) AND (x31 XOR y31)) OR (x31 AND y31)) AND (x32 XOR y32)) OR (x32 AND y32)) AND (x33 XOR y33)) OR (x33 AND y33)) AND (x34 XOR y34)) OR (x34 AND y34)) AND (x35 XOR y35)) OR (x35 AND y35)) AND (x36 XOR y36)) OR (x36 AND y36)) XOR (x37 XOR y37))
((((((((((((((((((((((((((((((((((((((((((((((((carry_13 AND (x14 XOR y14)) OR (x14 AND y14)) AND (x15 XOR y15)) OR (((carry_13 AND (x14 XOR y14)) OR (x14 AND y14)) XOR (x15 XOR y15))) AND (x16 XOR y16)) OR (x16 AND y16)) AND (x17 XOR y17)) OR (x17 AND y17)) AND (x18 XOR y18)) OR (x18 AND y18)) AND (x19 XOR y19)) OR (x19 AND y19)) AND (x20 XOR y20)) OR (x20 AND y20)) AND (x21 XOR y21)) OR (x21 AND y21)) AND (x22 XOR y22)) OR (x22 AND y22)) XOR (x23 XOR y23)) AND (x24 XOR y24)) OR (x24 AND y24)) AND (x25 XOR y25)) OR (x25 AND y25)) AND (x26 XOR y26)) OR (x26 AND y26)) AND (x27 XOR y27)) OR (x27 AND y27)) AND (x28 XOR y28)) OR (x28 AND y28)) AND (x29 XOR y29)) OR (x29 AND y29)) AND (x30 XOR y30)) OR (x30 AND y30)) AND (x31 XOR y31)) OR (x31 AND y31)) AND (x32 XOR y32)) OR (x32 AND y32)) AND (x33 XOR y33)) OR (x33 AND y33)) AND (x34 XOR y34)) OR (x34 AND y34)) AND (x35 XOR y35)) OR (x35 AND y35)) AND (x36 XOR y36)) OR (x36 AND y36)) AND (x37 XOR y37)) OR (x37 AND y37)) XOR (x38 XOR y38))
((((((((((((((((((((((((((((((((((((((((((((((((((carry_13 AND (x14 XOR y14)) OR (x14 AND y14)) AND (x15 XOR y15)) OR (((carry_13 AND (x14 XOR y14)) OR (x14 AND y14)) XOR (x15 XOR y15))) AND (x16 XOR y16)) OR (x16 AND y16)) AND (x17 XOR y17)) OR (x17 AND y17)) AND (x18 XOR y18)) OR (x18 AND y18)) AND (x19 XOR y19)) OR (x19 AND y19)) AND (x20 XOR y20)) OR (x20 AND y20)) AND (x21 XOR y21)) OR (x21 AND y21)) AND (x22 XOR y22)) OR (x22 AND y22)) XOR (x23 XOR y23)) AND (x24 XOR y24)) OR (x24 AND y24)) AND (x25 XOR y25)) OR (x25 AND y25)) AND (x26 XOR y26)) OR (x26 AND y26)) AND (x27 XOR y27)) OR (x27 AND y27)) AND (x28 XOR y28)) OR (x28 AND y28)) AND (x29 XOR y29)) OR (x29 AND y29)) AND (x30 XOR y30)) OR (x30 AND y30)) AND (x31 XOR y31)) OR (x31 AND y31)) AND (x32 XOR y32)) OR (x32 AND y32)) AND (x33 XOR y33)) OR (x33 AND y33)) AND (x34 XOR y34)) OR (x34 AND y34)) AND (x35 XOR y35)) OR (x35 AND y35)) AND (x36 XOR y36)) OR (x36 AND y36)) AND (x37 XOR y37)) OR (x37 AND y37)) AND (x38 XOR y38)) OR (x38 AND y38)) AND (x39 XOR y39))
((((((((((((((((((((((((((((((((((((((((((((((((((((carry_13 AND (x14 XOR y14)) OR (x14 AND y14)) AND (x15 XOR y15)) OR (((carry_13 AND (x14 XOR y14)) OR (x14 AND y14)) XOR (x15 XOR y15))) AND (x16 XOR y16)) OR (x16 AND y16)) AND (x17 XOR y17)) OR (x17 AND y17)) AND (x18 XOR y18)) OR (x18 AND y18)) AND (x19 XOR y19)) OR (x19 AND y19)) AND (x20 XOR y20)) OR (x20 AND y20)) AND (x21 XOR y21)) OR (x21 AND y21)) AND (x22 XOR y22)) OR (x22 AND y22)) XOR (x23 XOR y23)) AND (x24 XOR y24)) OR (x24 AND y24)) AND (x25 XOR y25)) OR (x25 AND y25)) AND (x26 XOR y26)) OR (x26 AND y26)) AND (x27 XOR y27)) OR (x27 AND y27)) AND (x28 XOR y28)) OR (x28 AND y28)) AND (x29 XOR y29)) OR (x29 AND y29)) AND (x30 XOR y30)) OR (x30 AND y30)) AND (x31 XOR y31)) OR (x31 AND y31)) AND (x32 XOR y32)) OR (x32 AND y32)) AND (x33 XOR y33)) OR (x33 AND y33)) AND (x34 XOR y34)) OR (x34 AND y34)) AND (x35 XOR y35)) OR (x35 AND y35)) AND (x36 XOR y36)) OR (x36 AND y36)) AND (x37 XOR y37)) OR (x37 AND y37)) AND (x38 XOR y38)) OR (x38 AND y38)) XOR (x39 XOR y39)) OR (x39 AND y39)) XOR (x40 XOR y40))
((((((((((((((((((((((((((((((((((((((((((((((((((((((carry_13 AND (x14 XOR y14)) OR (x14 AND y14)) AND (x15 XOR y15)) OR (((carry_13 AND (x14 XOR y14)) OR (x14 AND y14)) XOR (x15 XOR y15))) AND (x16 XOR y16)) OR (x16 AND y16)) AND (x17 XOR y17)) OR (x17 AND y17)) AND (x18 XOR y18)) OR (x18 AND y18)) AND (x19 XOR y19)) OR (x19 AND y19)) AND (x20 XOR y20)) OR (x20 AND y20)) AND (x21 XOR y21)) OR (x21 AND y21)) AND (x22 XOR y22)) OR (x22 AND y22)) XOR (x23 XOR y23)) AND (x24 XOR y24)) OR (x24 AND y24)) AND (x25 XOR y25)) OR (x25 AND y25)) AND (x26 XOR y26)) OR (x26 AND y26)) AND (x27 XOR y27)) OR (x27 AND y27)) AND (x28 XOR y28)) OR (x28 AND y28)) AND (x29 XOR y29)) OR (x29 AND y29)) AND (x30 XOR y30)) OR (x30 AND y30)) AND (x31 XOR y31)) OR (x31 AND y31)) AND (x32 XOR y32)) OR (x32 AND y32)) AND (x33 XOR y33)) OR (x33 AND y33)) AND (x34 XOR y34)) OR (x34 AND y34)) AND (x35 XOR y35)) OR (x35 AND y35)) AND (x36 XOR y36)) OR (x36 AND y36)) AND (x37 XOR y37)) OR (x37 AND y37)) AND (x38 XOR y38)) OR (x38 AND y38)) XOR (x39 XOR y39)) OR (x39 AND y39)) AND (x40 XOR y40)) OR (x40 AND y40)) XOR (x41 XOR y41))
((((((((((((((((((((((((((((((((((((((((((((((((((((((((carry_13 AND (x14 XOR y14)) OR (x14 AND y14)) AND (x15 XOR y15)) OR (((carry_13 AND (x14 XOR y14)) OR (x14 AND y14)) XOR (x15 XOR y15))) AND (x16 XOR y16)) OR (x16 AND y16)) AND (x17 XOR y17)) OR (x17 AND y17)) AND (x18 XOR y18)) OR (x18 AND y18)) AND (x19 XOR y19)) OR (x19 AND y19)) AND (x20 XOR y20)) OR (x20 AND y20)) AND (x21 XOR y21)) OR (x21 AND y21)) AND (x22 XOR y22)) OR (x22 AND y22)) XOR (x23 XOR y23)) AND (x24 XOR y24)) OR (x24 AND y24)) AND (x25 XOR y25)) OR (x25 AND y25)) AND (x26 XOR y26)) OR (x26 AND y26)) AND (x27 XOR y27)) OR (x27 AND y27)) AND (x28 XOR y28)) OR (x28 AND y28)) AND (x29 XOR y29)) OR (x29 AND y29)) AND (x30 XOR y30)) OR (x30 AND y30)) AND (x31 XOR y31)) OR (x31 AND y31)) AND (x32 XOR y32)) OR (x32 AND y32)) AND (x33 XOR y33)) OR (x33 AND y33)) AND (x34 XOR y34)) OR (x34 AND y34)) AND (x35 XOR y35)) OR (x35 AND y35)) AND (x36 XOR y36)) OR (x36 AND y36)) AND (x37 XOR y37)) OR (x37 AND y37)) AND (x38 XOR y38)) OR (x38 AND y38)) XOR (x39 XOR y39)) OR (x39 AND y39)) AND (x40 XOR y40)) OR (x40 AND y40)) AND (x41 XOR y41)) OR (x41 AND y41)) XOR (x42 XOR y42))
((((((((((((((((((((((((((((((((((((((((((((((((((((((((((carry_13 AND (x14 XOR y14)) OR (x14 AND y14)) AND (x15 XOR y15)) OR (((carry_13 AND (x14 XOR y14)) OR (x14 AND y14)) XOR (x15 XOR y15))) AND (x16 XOR y16)) OR (x16 AND y16)) AND (x17 XOR y17)) OR (x17 AND y17)) AND (x18 XOR y18)) OR (x18 AND y18)) AND (x19 XOR y19)) OR (x19 AND y19)) AND (x20 XOR y20)) OR (x20 AND y20)) AND (x21 XOR y21)) OR (x21 AND y21)) AND (x22 XOR y22)) OR (x22 AND y22)) XOR (x23 XOR y23)) AND (x24 XOR y24)) OR (x24 AND y24)) AND (x25 XOR y25)) OR (x25 AND y25)) AND (x26 XOR y26)) OR (x26 AND y26)) AND (x27 XOR y27)) OR (x27 AND y27)) AND (x28 XOR y28)) OR (x28 AND y28)) AND (x29 XOR y29)) OR (x29 AND y29)) AND (x30 XOR y30)) OR (x30 AND y30)) AND (x31 XOR y31)) OR (x31 AND y31)) AND (x32 XOR y32)) OR (x32 AND y32)) AND (x33 XOR y33)) OR (x33 AND y33)) AND (x34 XOR y34)) OR (x34 AND y34)) AND (x35 XOR y35)) OR (x35 AND y35)) AND (x36 XOR y36)) OR (x36 AND y36)) AND (x37 XOR y37)) OR (x37 AND y37)) AND (x38 XOR y38)) OR (x38 AND y38)) XOR (x39 XOR y39)) OR (x39 AND y39)) AND (x40 XOR y40)) OR (x40 AND y40)) AND (x41 XOR y41)) OR (x41 AND y41)) AND (x42 XOR y42)) OR (x42 AND y42)) XOR (x43 XOR y43))
((((((((((((((((((((((((((((((((((((((((((((((((((((((((((((carry_13 AND (x14 XOR y14)) OR (x14 AND y14)) AND (x15 XOR y15)) OR (((carry_13 AND (x14 XOR y14)) OR (x14 AND y14)) XOR (x15 XOR y15))) AND (x16 XOR y16)) OR (x16 AND y16)) AND (x17 XOR y17)) OR (x17 AND y17)) AND (x18 XOR y18)) OR (x18 AND y18)) AND (x19 XOR y19)) OR (x19 AND y19)) AND (x20 XOR y20)) OR (x20 AND y20)) AND (x21 XOR y21)) OR (x21 AND y21)) AND (x22 XOR y22)) OR (x22 AND y22)) XOR (x23 XOR y23)) AND (x24 XOR y24)) OR (x24 AND y24)) AND (x25 XOR y25)) OR (x25 AND y25)) AND (x26 XOR y26)) OR (x26 AND y26)) AND (x27 XOR y27)) OR (x27 AND y27)) AND (x28 XOR y28)) OR (x28 AND y28)) AND (x29 XOR y29)) OR (x29 AND y29)) AND (x30 XOR y30)) OR (x30 AND y30)) AND (x31 XOR y31)) OR (x31 AND y31)) AND (x32 XOR y32)) OR (x32 AND y32)) AND (x33 XOR y33)) OR (x33 AND y33)) AND (x34 XOR y34)) OR (x34 AND y34)) AND (x35 XOR y35)) OR (x35 AND y35)) AND (x36 XOR y36)) OR (x36 AND y36)) AND (x37 XOR y37)) OR (x37 AND y37)) AND (x38 XOR y38)) OR (x38 AND y38)) XOR (x39 XOR y39)) OR (x39 AND y39)) AND (x40 XOR y40)) OR (x40 AND y40)) AND (x41 XOR y41)) OR (x41 AND y41)) AND (x42 XOR y42)) OR (x42 AND y42)) AND (x43 XOR y43)) OR (x43 AND y43)) XOR (x44 XOR y44))
(((((((((((((((((((((((((((((((((((((((((((((((((((((((((((((carry_13 AND (x14 XOR y14)) OR (x14 AND y14)) AND (x15 XOR y15)) OR (((carry_13 AND (x14 XOR y14)) OR (x14 AND y14)) XOR (x15 XOR y15))) AND (x16 XOR y16)) OR (x16 AND y16)) AND (x17 XOR y17)) OR (x17 AND y17)) AND (x18 XOR y18)) OR (x18 AND y18)) AND (x19 XOR y19)) OR (x19 AND y19)) AND (x20 XOR y20)) OR (x20 AND y20)) AND (x21 XOR y21)) OR (x21 AND y21)) AND (x22 XOR y22)) OR (x22 AND y22)) XOR (x23 XOR y23)) AND (x24 XOR y24)) OR (x24 AND y24)) AND (x25 XOR y25)) OR (x25 AND y25)) AND (x26 XOR y26)) OR (x26 AND y26)) AND (x27 XOR y27)) OR (x27 AND y27)) AND (x28 XOR y28)) OR (x28 AND y28)) AND (x29 XOR y29)) OR (x29 AND y29)) AND (x30 XOR y30)) OR (x30 AND y30)) AND (x31 XOR y31)) OR (x31 AND y31)) AND (x32 XOR y32)) OR (x32 AND y32)) AND (x33 XOR y33)) OR (x33 AND y33)) AND (x34 XOR y34)) OR (x34 AND y34)) AND (x35 XOR y35)) OR (x35 AND y35)) AND (x36 XOR y36)) OR (x36 AND y36)) AND (x37 XOR y37)) OR (x37 AND y37)) AND (x38 XOR y38)) OR (x38 AND y38)) XOR (x39 XOR y39)) OR (x39 AND y39)) AND (x40 XOR y40)) OR (x40 AND y40)) AND (x41 XOR y41)) OR (x41 AND y41)) AND (x42 XOR y42)) OR (x42 AND y42)) AND (x43 XOR y43)) OR (x43 AND y43)) AND (x44 XOR y44)) OR (x44 AND y44))
NULL
NULL
NULL
NULL
NULL
NULL
NULL
NULL
NULL
NULL
NULL
NULL
NULL
NULL
NULL
NULL
NULL
NULL
NULL
NULL
NULL
NULL
NULL
NULL
NULL
NULL
NULL
NULL
NULL
NULL
NULL
NULL
NULL
NULL
NULL
NULL
NULL
NULL
NULL
NULL
NULL
NULL
NULL
NULL
NULL
NULL
NULL
NULL
NULL
NULL
NULL
NULL
NULL
0
