(x00 XOR y00)
((x00 AND y00) XOR (x01 XOR y01))
((((x00 AND y00) AND (x01 XOR y01)) OR (x01 AND y01)) XOR (x02 XOR y02))
((((((x00 AND y00) AND (x01 XOR y01)) OR (x01 AND y01)) AND (x02 XOR y02)) OR (x02 AND y02)) XOR (x03 XOR y03))
((((((((x00 AND y00) AND (x01 XOR y01)) OR (x01 AND y01)) AND (x02 XOR y02)) OR (x02 AND y02)) AND (x03 XOR y03)) OR (x03 AND y03)) XOR (x04 XOR y04))
((((((((((x00 AND y00) AND (x01 XOR y01)) OR (x01 AND y01)) AND (x02 XOR y02)) OR (x02 AND y02)) AND (x03 XOR y03)) OR (x03 AND y03)) AND (x04 XOR y04)) OR (x04 AND y04)) XOR (x05 XOR y05))
((((((((((((x00 AND y00) AND (x01 XOR y01)) OR (x01 AND y01)) AND (x02 XOR y02)) OR (x02 AND y02)) AND (x03 XOR y03)) OR (x03 AND y03)) AND (x04 XOR y04)) OR (x04 AND y04)) AND (x05 XOR y05)) OR (x05 AND y05)) XOR (x06 XOR y06))
((((((((((((((x00 AND y00) AND (x01 XOR y01)) OR (x01 AND y01)) AND (x02 XOR y02)) OR (x02 AND y02)) AND (x03 XOR y03)) OR (x03 AND y03)) AND (x04 XOR y04)) OR (x04 AND y04)) AND (x05 XOR y05)) OR (x05 AND y05)) AND (x06 XOR y06)) OR (x06 AND y06)) XOR (x07 XOR y07))
((((((((((((((((x00 AND y00) AND (x01 XOR y01)) OR (x01 AND y01)) AND (x02 XOR y02)) OR (x02 AND y02)) AND (x03 XOR y03)) OR (x03 AND y03)) AND (x04 XOR y04)) OR (x04 AND y04)) AND (x05 XOR y05)) OR (x05 AND y05)) AND (x06 XOR y06)) OR (x06 AND y06)) AND (x07 XOR y07)) OR (x07 AND y07)) XOR (x08 XOR y08))
((((((((((((((((((x00 AND y00) AND (x01 XOR y01)) OR (x01 AND y01)) AND (x02 XOR y02)) OR (x02 AND y02)) AND (x03 XOR y03)) OR (x03 AND y03)) AND (x04 XOR y04)) OR (x04 AND y04)) AND (x05 XOR y05)) OR (x05 AND y05)) AND (x06 XOR y06)) OR (x06 AND y06)) AND (x07 XOR y07)) OR (x07 AND y07)) AND (x08 XOR y08)) OR (x08 AND y08)) XOR (x09 XOR y09))
((((((((((((((((((((x00 AND y00) AND (x01 XOR y01)) OR (x01 AND y01)) AND (x02 XOR y02)) OR (x02 AND y02)) AND (x03 XOR y03)) OR (x03 AND y03)) AND (x04 XOR y04)) OR (x04 AND y04)) AND (x05 XOR y05)) OR (x05 AND y05)) AND (x06 XOR y06)) OR (x06 AND y06)) AND (x07 XOR y07)) OR (x07 AND y07)) AND (x08 XOR y08)) OR (x08 AND y08)) AND (x09 XOR y09)) OR (x09 AND y09)) XOR (x10 XOR y10))
((((((((((((((((((((((x00 AND y00) AND (x01 XOR y01)) OR (x01 AND y01)) AND (x02 XOR y02)) OR (x02 AND y02)) AND (x03 XOR y03)) OR (x03 AND y03)) AND (x04 XOR y04)) OR (x04 AND y04)) AND (x05 XOR y05)) OR (x05 AND y05)) AND (x06 XOR y06)) OR (x06 AND y06)) AND (x07 XOR y07)) OR (x07 AND y07)) AND (x08 XOR y08)) OR (x08 AND y08)) AND (x09 XOR y09)) OR (x09 AND y09)) AND (x10 XOR y10)) OR (x10 AND y10)) XOR (x11 XOR y11))
((((((((((((((((((((((((x00 AND y00) AND (x01 XOR y01)) OR (x01 AND y01)) AND (x02 XOR y02)) OR (x02 AND y02)) AND (x03 XOR y03)) OR (x03 AND y03)) AND (x04 XOR y04)) OR (x04 AND y04)) AND (x05 XOR y05)) OR (x05 AND y05)) AND (x06 XOR y06)) OR (x06 AND y06)) AND (x07 XOR y07)) OR (x07 AND y07)) AND (x08 XOR y08)) OR (x08 AND y08)) AND (x09 XOR y09)) OR (x09 AND y09)) AND (x10 XOR y10)) OR (x10 AND y10)) AND (x11 XOR y11)) OR (x11 AND y11)) XOR (x12 XOR y12))
((((((((((((((((((((((((((x00 AND y00) AND (x01 XOR y01)) OR (x01 AND y01)) AND (x02 XOR y02)) OR (x02 AND y02)) AND (x03 XOR y03)) OR (x03 AND y03)) AND (x04 XOR y04)) OR (x04 AND y04)) AND (x05 XOR y05)) OR (x05 AND y05)) AND (x06 XOR y06)) OR (x06 AND y06)) AND (x07 XOR y07)) OR (x07 AND y07)) AND (x08 XOR y08)) OR (x08 AND y08)) AND (x09 XOR y09)) OR (x09 AND y09)) AND (x10 XOR y10)) OR (x10 AND y10)) AND (x11 XOR y11)) OR (x11 AND y11)) AND (x12 XOR y12)) OR (x12 AND y12)) XOR (x13 XOR y13))
((((((((((((((((((((((((((((x00 AND y00) AND (x01 XOR y01)) OR (x01 AND y01)) AND (x02 XOR y02)) OR (x02 AND y02)) AND (x03 XOR y03)) OR (x03 AND y03)) AND (x04 XOR y04)) OR (x04 AND y04)) AND (x05 XOR y05)) OR (x05 AND y05)) AND (x06 XOR y06)) OR (x06 AND y06)) AND (x07 XOR y07)) OR (x07 AND y07)) AND (x08 XOR y08)) OR (x08 AND y08)) AND (x09 XOR y09)) OR (x09 AND y09)) AND (x10 XOR y10)) OR (x10 AND y10)) AND (x11 XOR y11)) OR (x11 AND y11)) AND (x12 XOR y12)) OR (x12 AND y12)) AND (x13 XOR y13)) OR (x13 AND y13)) XOR (x14 XOR y14))
((((((((((((((((((((((((((((((x00 AND y00) AND (x01 XOR y01)) OR (x01 AND y01)) AND (x02 XOR y02)) OR (x02 AND y02)) AND (x03 XOR y03)) OR (x03 AND y03)) AND (x04 XOR y04)) OR (x04 AND y04)) AND (x05 XOR y05)) OR (x05 AND y05)) AND (x06 XOR y06)) OR (x06 AND y06)) AND (x07 XOR y07)) OR (x07 AND y07)) AND (x08 XOR y08)) OR (x08 AND y08)) AND (x09 XOR y09)) OR (x09 AND y09)) AND (x10 XOR y10)) OR (x10 AND y10)) AND (x11 XOR y11)) OR (x11 AND y11)) AND (x12 XOR y12)) OR (x12 AND y12)) AND (x13 XOR y13)) OR (x13 AND y13)) AND (x14 XOR y14)) OR (x14 AND y14)) XOR (x15 XOR y15))
((((((((((((((((((((((((((((((((x00 AND y00) AND (x01 XOR y01)) OR (x01 AND y01)) AND (x02 XOR y02)) OR (x02 AND y02)) AND (x03 XOR y03)) OR (x03 AND y03)) AND (x04 XOR y04)) OR (x04 AND y04)) AND (x05 XOR y05)) OR (x05 AND y05)) AND (x06 XOR y06)) OR (x06 AND y06)) AND (x07 XOR y07)) OR (x07 AND y07)) AND (x08 XOR y08)) OR (x08 AND y08)) AND (x09 XOR y09)) OR (x09 AND y09)) AND (x10 XOR y10)) OR (x10 AND y10)) AND (x11 XOR y11)) OR (x11 AND y11)) AND (x12 XOR y12)) OR (x12 AND y12)) AND (x13 XOR y13)) OR (x13 AND y13)) AND (x14 XOR y14)) OR (x14 AND y14)) AND (x15 XOR y15)) OR (x15 AND y15)) XOR (x16 XOR y16))
((((((((((((((((((((((((((((((((((x00 AND y00) AND (x01 XOR y01)) OR (x01 AND y01)) AND (x02 XOR y02)) OR (x02 AND y02)) AND (x03 XOR y03)) OR (x03 AND y03)) AND (x04 XOR y04)) OR (x04 AND y04)) AND (x05 XOR y05)) OR (x05 AND y05)) AND (x06 XOR y06)) OR (x06 AND y06)) AND (x07 XOR y07)) OR (x07 AND y07)) AND (x08 XOR y08)) OR (x08 AND y08)) AND (x09 XOR y09)) OR (x09 AND y09)) AND (x10 XOR y10)) OR (x10 AND y10)) AND (x11 XOR y11)) OR (x11 AND y11)) AND (x12 XOR y12)) OR (x12 AND y12)) AND (x13 XOR y13)) OR (x13 AND y13)) AND (x14 XOR y14)) OR (x14 AND y14)) AND (x15 XOR y15)) OR (x15 AND y15)) AND (x16 XOR y16)) OR (x16 AND y16)) XOR (x17 XOR y17))
((((((((((((((((((((((((((((((((((((x00 AND y00) AND (x01 XOR y01)) OR (x01 AND y01)) AND (x02 XOR y02)) OR (x02 AND y02)) AND (x03 XOR y03)) OR (x03 AND y03)) AND (x04 XOR y04)) OR (x04 AND y04)) AND (x05 XOR y05)) OR (x05 AND y05)) AND (x06 XOR y06)) OR (x06 AND y06)) AND (x07 XOR y07)) OR (x07 AND y07)) AND (x08 XOR y08)) OR (x08 AND y08)) AND (x09 XOR y09)) OR (x09 AND y09)) AND (x10 XOR y10)) OR (x10 AND y10)) AND (x11 XOR y11)) OR (x11 AND y11)) AND (x12 XOR y12)) OR (x12 AND y12)) AND (x13 XOR y13)) OR (x13 AND y13)) AND (x14 XOR y14)) OR (x14 AND y14)) AND (x15 XOR y15)) OR (x15 AND y15)) AND (x16 XOR y16)) OR (x16 AND y16)) AND (x17 XOR y17)) OR (x17 AND y17)) XOR (x18 XOR y18))
((((((((((((((((((((((((((((((((((((((x00 AND y00) AND (x01 XOR y01)) OR (x01 AND y01)) AND (x02 XOR y02)) OR (x02 AND y02)) AND (x03 XOR y03)) OR (x03 AND y03)) AND (x04 XOR y04)) OR (x04 AND y04)) AND (x05 XOR y05)) OR (x05 AND y05)) AND (x06 XOR y06)) OR (x06 AND y06)) AND (x07 XOR y07)) OR (x07 AND y07)) AND (x08 XOR y08)) OR (x08 AND y08)) AND (x09 XOR y09)) OR (x09 AND y09)) AND (x10 XOR y10)) OR (x10 AND y10)) AND (x11 XOR y11)) OR (x11 AND y11)) AND (x12 XOR y12)) OR (x12 AND y12)) AND (x13 XOR y13)) OR (x13 AND y13)) AND (x14 XOR y14)) OR (x14 AND y14)) AND (x15 XOR y15)) OR (x15 AND y15)) AND (x16 XOR y16)) OR (x16 AND y16)) AND (x17 XOR y17)) OR (x17 AND y17)) AND (x18 XOR y18)) OR (x18 AND y18)) XOR (x19 XOR y19))
((((((((((((((((((((((((((((((((((((((((x00 AND y00) AND (x01 XOR y01)) OR (x01 AND y01)) AND (x02 XOR y02)) OR (x02 AND y02)) AND (x03 XOR y03)) OR (x03 AND y03)) AND (x04 XOR y04)) OR (x04 AND y04)) AND (x05 XOR y05)) OR (x05 AND y05)) AND (x06 XOR y06)) OR (x06 AND y06)) AND (x07 XOR y07)) OR (x07 AND y07)) AND (x08 XOR y08)) OR (x08 AND y08)) AND (x09 XOR y09)) OR (x09 AND y09)) AND (x10 XOR y10)) OR (x10 AND y10)) AND (x11 XOR y11)) OR (x11 AND y11)) AND (x12 XOR y12)) OR (x12 AND y12)) AND (x13 XOR y13)) OR (x13 AND y13)) AND (x14 XOR y14)) OR (x14 AND y14)) AND (x15 XOR y15)) OR (x15 AND y15)) AND (x16 XOR y16)) OR (x16 AND y16)) AND (x17 XOR y17)) OR (x17 AND y17)) AND (x18 XOR y18)) OR (x18 AND y18)) AND (x19 XOR y19)) OR (x19 AND y19)) XOR (x20 XOR y20))
((((((((((((((((((((((((((((((((((((((((((x00 AND y00) AND (x01 XOR y01)) OR (x01 AND y01)) AND (x02 XOR y02)) OR (x02 AND y02)) AND (x03 XOR y03)) OR (x03 AND y03)) AND (x04 XOR y04)) OR (x04 AND y04)) AND (x05 XOR y05)) OR (x05 AND y05)) AND (x06 XOR y06)) OR (x06 AND y06)) AND (x07 XOR y07)) OR (x07 AND y07)) AND (x08 XOR y08)) OR (x08 AND y08)) AND (x09 XOR y09)) OR (x09 AND y09)) AND (x10 XOR y10)) OR (x10 AND y10)) AND (x11 XOR y11)) OR (x11 AND y11)) AND (x12 XOR y12)) OR (x12 AND y12)) AND (x13 XOR y13)) OR (x13 AND y13)) AND (x14 XOR y14)) OR (x14 AND y14)) AND (x15 XOR y15)) OR (x15 AND y15)) AND (x16 XOR y16)) OR (x16 AND y16)) AND (x17 XOR y17)) OR (x17 AND y17)) AND (x18 XOR y18)) OR (x18 AND y18)) AND (x19 XOR y19)) OR (x19 AND y19)) AND (x20 XOR y20)) OR (x20 AND y20)) XOR (x21 XOR y21))
(carry_21 XOR (x22 XOR y22))
(carry_22 XOR (x23 XOR y23))
(carry_23 XOR (x24 XOR y24))
(carry_24 XOR (x25 XOR y25))
(carry_25 XOR (x26 XOR y26))
(carry_26 XOR (x27 XOR y27))
(carry_27 XOR (x28 XOR y28))
(carry_28 XOR (x29 XOR y29))
(carry_29 XOR (x30 XOR y30))
(carry_30 XOR (x31 XOR y31))
(carry_31 XOR (x32 XOR y32))
(carry_32 XOR (x33 XOR y33))
(carry_33 XOR (x34 XOR y34))
(carry_34 XOR (x35 XOR y35))
(carry_35 XOR (x36 XOR y36))
(carry_36 XOR (x37 XOR y37))
(carry_37 XOR (x38 XOR y38))
(carry_38 AND (x39 XOR y39))
(((carry_38 XOR (x39 XOR y39)) OR (x39 AND y39)) XOR (x40 XOR y40))
(((((carry_38 XOR (x39 XOR y39)) OR (x39 AND y39)) AND (x40 XOR y40)) OR (x40 AND y40)) XOR (x41 XOR y41))
(((((((carry_38 XOR (x39 XOR y39)) OR (x39 AND y39)) AND (x40 XOR y40)) OR (x40 AND y40)) AND (x41 XOR y41)) OR (x41 AND y41)) XOR (x42 XOR y42))
(((((((((carry_38 XOR (x39 XOR y39)) OR (x39 AND y39)) AND (x40 XOR y40)) OR (x40 AND y40)) AND (x41 XOR y41)) OR (x41 AND y41)) AND (x42 XOR y42)) OR (x42 AND y42)) XOR (x43 XOR y43))
(((((((((((carry_38 XOR (x39 XOR y39)) OR (x39 AND y39)) AND (x40 XOR y40)) OR (x40 AND y40)) AND (x41 XOR y41)) OR (x41 AND y41)) AND (x42 XOR y42)) OR (x42 AND y42)) AND (x43 XOR y43)) OR (x43 AND y43)) XOR (x44 XOR y44))
((((((((((((carry_38 XOR (x39 XOR y39)) OR (x39 AND y39)) AND (x40 XOR y40)) OR (x40 AND y40)) AND (x41 XOR y41)) OR (x41 AND y41)) AND (x42 XOR y42)) OR (x42 AND y42)) AND (x43 XOR y43)) OR (x43 AND y43)) AND (x44 XOR y44)) OR (x44 AND y44))
NULL
NULL
NULL
NULL
NULL
NULL
NULL
NULL
NULL
NULL
NULL
NULL
NULL
NULL
NULL
NULL
NULL
NULL
NULL
NULL
NULL
NULL
NULL
NULL
NULL
NULL
NULL
NULL
NULL
NULL
NULL
NULL
NULL
NULL
NULL
NULL
NULL
NULL
NULL
NULL
NULL
NULL
NULL
NULL
NULL
NULL
NULL
NULL
NULL
NULL
NULL
NULL
NULL
0
